2025-07-15 01:17:20 [HikariPool-1 housekeeper] WARN  com.zaxxer.hikari.pool.HikariPool - HikariPool-1 - Thread starvation or clock leap detected (housekeeper delta=1h18m59s206ms).
2025-07-15 02:43:35 [HikariPool-1 housekeeper] WARN  com.zaxxer.hikari.pool.HikariPool - HikariPool-1 - Thread starvation or clock leap detected (housekeeper delta=1h26m15s794ms).
2025-07-15 03:00:07 [scheduling-1] INFO  c.s.service.OrderMessageRetryService - Starting retry process for failed messages
2025-07-15 03:00:07 [scheduling-1] DEBUG org.hibernate.SQL - 
    /* SELECT
        om 
    FROM
        OrderMessageEntity om 
    WHERE
        om.status = 'FAILED' 
        AND om.retryCount < :maxRetryCount 
        AND (
            om.lastRetryTime IS NULL 
            OR om.lastRetryTime < :retryBefore
        ) */ select
            ome1_0.id,
            ome1_0.create_time,
            ome1_0.last_retry_time,
            ome1_0.payload,
            ome1_0.retry_count,
            ome1_0.status,
            ome1_0.topic 
        from
            order_message ome1_0 
        where
            ome1_0.status='FAILED' 
            and ome1_0.retry_count<? 
            and (
                ome1_0.last_retry_time is null 
                or ome1_0.last_retry_time<?
            )
2025-07-15 03:00:07 [scheduling-1] INFO  c.s.service.OrderMessageRetryService - Found 0 failed messages to retry
2025-07-15 04:09:26 [HikariPool-1 housekeeper] WARN  com.zaxxer.hikari.pool.HikariPool - HikariPool-1 - Thread starvation or clock leap detected (housekeeper delta=1h25m50s495ms).
2025-07-15 05:12:37 [HikariPool-1 housekeeper] WARN  com.zaxxer.hikari.pool.HikariPool - HikariPool-1 - Thread starvation or clock leap detected (housekeeper delta=1h3m11s352ms).
2025-07-15 06:21:19 [HikariPool-1 housekeeper] WARN  com.zaxxer.hikari.pool.HikariPool - HikariPool-1 - Thread starvation or clock leap detected (housekeeper delta=1h8m41s601ms).
2025-07-15 07:22:23 [HikariPool-1 housekeeper] WARN  com.zaxxer.hikari.pool.HikariPool - HikariPool-1 - Thread starvation or clock leap detected (housekeeper delta=1h1m3s860ms).
2025-07-15 08:23:19 [HikariPool-1 housekeeper] WARN  com.zaxxer.hikari.pool.HikariPool - HikariPool-1 - Thread starvation or clock leap detected (housekeeper delta=1h56s587ms).
2025-07-15 08:42:00 [HikariPool-1 housekeeper] WARN  com.zaxxer.hikari.pool.HikariPool - HikariPool-1 - Thread starvation or clock leap detected (housekeeper delta=18m40s832ms).
2025-07-15 09:47:43 [HikariPool-1 housekeeper] WARN  com.zaxxer.hikari.pool.HikariPool - HikariPool-1 - Thread starvation or clock leap detected (housekeeper delta=1h5m42s569ms).
2025-07-15 09:49:18 [scheduling-1] INFO  c.s.service.OrderMessageRetryService - Starting retry process for failed messages
2025-07-15 09:49:18 [scheduling-1] DEBUG org.hibernate.SQL - 
    /* SELECT
        om 
    FROM
        OrderMessageEntity om 
    WHERE
        om.status = 'FAILED' 
        AND om.retryCount < :maxRetryCount 
        AND (
            om.lastRetryTime IS NULL 
            OR om.lastRetryTime < :retryBefore
        ) */ select
            ome1_0.id,
            ome1_0.create_time,
            ome1_0.last_retry_time,
            ome1_0.payload,
            ome1_0.retry_count,
            ome1_0.status,
            ome1_0.topic 
        from
            order_message ome1_0 
        where
            ome1_0.status='FAILED' 
            and ome1_0.retry_count<? 
            and (
                ome1_0.last_retry_time is null 
                or ome1_0.last_retry_time<?
            )
2025-07-15 09:49:18 [scheduling-1] INFO  c.s.service.OrderMessageRetryService - Found 0 failed messages to retry
2025-07-15 09:49:18 [scheduling-1] INFO  c.s.service.OrderMessageRetryService - Starting timeout process for pending messages
2025-07-15 09:49:18 [scheduling-1] DEBUG org.hibernate.SQL - 
    /* SELECT
        om 
    FROM
        OrderMessageEntity om 
    WHERE
        om.status = 'PENDING' 
        AND om.createTime < :timeoutBefore */ select
            ome1_0.id,
            ome1_0.create_time,
            ome1_0.last_retry_time,
            ome1_0.payload,
            ome1_0.retry_count,
            ome1_0.status,
            ome1_0.topic 
        from
            order_message ome1_0 
        where
            ome1_0.status='PENDING' 
            and ome1_0.create_time<?
2025-07-15 09:49:18 [scheduling-1] INFO  c.s.service.OrderMessageRetryService - Found 0 pending messages to timeout
2025-07-15 09:54:18 [scheduling-1] INFO  c.s.service.OrderMessageRetryService - Starting retry process for failed messages
2025-07-15 09:54:18 [scheduling-1] DEBUG org.hibernate.SQL - 
    /* SELECT
        om 
    FROM
        OrderMessageEntity om 
    WHERE
        om.status = 'FAILED' 
        AND om.retryCount < :maxRetryCount 
        AND (
            om.lastRetryTime IS NULL 
            OR om.lastRetryTime < :retryBefore
        ) */ select
            ome1_0.id,
            ome1_0.create_time,
            ome1_0.last_retry_time,
            ome1_0.payload,
            ome1_0.retry_count,
            ome1_0.status,
            ome1_0.topic 
        from
            order_message ome1_0 
        where
            ome1_0.status='FAILED' 
            and ome1_0.retry_count<? 
            and (
                ome1_0.last_retry_time is null 
                or ome1_0.last_retry_time<?
            )
2025-07-15 09:54:18 [scheduling-1] INFO  c.s.service.OrderMessageRetryService - Found 0 failed messages to retry
2025-07-15 09:59:18 [scheduling-1] INFO  c.s.service.OrderMessageRetryService - Starting retry process for failed messages
2025-07-15 09:59:18 [scheduling-1] DEBUG org.hibernate.SQL - 
    /* SELECT
        om 
    FROM
        OrderMessageEntity om 
    WHERE
        om.status = 'FAILED' 
        AND om.retryCount < :maxRetryCount 
        AND (
            om.lastRetryTime IS NULL 
            OR om.lastRetryTime < :retryBefore
        ) */ select
            ome1_0.id,
            ome1_0.create_time,
            ome1_0.last_retry_time,
            ome1_0.payload,
            ome1_0.retry_count,
            ome1_0.status,
            ome1_0.topic 
        from
            order_message ome1_0 
        where
            ome1_0.status='FAILED' 
            and ome1_0.retry_count<? 
            and (
                ome1_0.last_retry_time is null 
                or ome1_0.last_retry_time<?
            )
2025-07-15 09:59:18 [scheduling-1] INFO  c.s.service.OrderMessageRetryService - Found 0 failed messages to retry
2025-07-15 09:59:18 [scheduling-1] INFO  c.s.service.OrderMessageRetryService - Starting timeout process for pending messages
2025-07-15 09:59:18 [scheduling-1] DEBUG org.hibernate.SQL - 
    /* SELECT
        om 
    FROM
        OrderMessageEntity om 
    WHERE
        om.status = 'PENDING' 
        AND om.createTime < :timeoutBefore */ select
            ome1_0.id,
            ome1_0.create_time,
            ome1_0.last_retry_time,
            ome1_0.payload,
            ome1_0.retry_count,
            ome1_0.status,
            ome1_0.topic 
        from
            order_message ome1_0 
        where
            ome1_0.status='PENDING' 
            and ome1_0.create_time<?
2025-07-15 09:59:18 [scheduling-1] INFO  c.s.service.OrderMessageRetryService - Found 0 pending messages to timeout
2025-07-15 10:04:18 [scheduling-1] INFO  c.s.service.OrderMessageRetryService - Starting retry process for failed messages
2025-07-15 10:04:18 [scheduling-1] DEBUG org.hibernate.SQL - 
    /* SELECT
        om 
    FROM
        OrderMessageEntity om 
    WHERE
        om.status = 'FAILED' 
        AND om.retryCount < :maxRetryCount 
        AND (
            om.lastRetryTime IS NULL 
            OR om.lastRetryTime < :retryBefore
        ) */ select
            ome1_0.id,
            ome1_0.create_time,
            ome1_0.last_retry_time,
            ome1_0.payload,
            ome1_0.retry_count,
            ome1_0.status,
            ome1_0.topic 
        from
            order_message ome1_0 
        where
            ome1_0.status='FAILED' 
            and ome1_0.retry_count<? 
            and (
                ome1_0.last_retry_time is null 
                or ome1_0.last_retry_time<?
            )
2025-07-15 10:04:18 [scheduling-1] INFO  c.s.service.OrderMessageRetryService - Found 0 failed messages to retry
2025-07-15 10:09:18 [scheduling-1] INFO  c.s.service.OrderMessageRetryService - Starting retry process for failed messages
2025-07-15 10:09:18 [scheduling-1] DEBUG org.hibernate.SQL - 
    /* SELECT
        om 
    FROM
        OrderMessageEntity om 
    WHERE
        om.status = 'FAILED' 
        AND om.retryCount < :maxRetryCount 
        AND (
            om.lastRetryTime IS NULL 
            OR om.lastRetryTime < :retryBefore
        ) */ select
            ome1_0.id,
            ome1_0.create_time,
            ome1_0.last_retry_time,
            ome1_0.payload,
            ome1_0.retry_count,
            ome1_0.status,
            ome1_0.topic 
        from
            order_message ome1_0 
        where
            ome1_0.status='FAILED' 
            and ome1_0.retry_count<? 
            and (
                ome1_0.last_retry_time is null 
                or ome1_0.last_retry_time<?
            )
2025-07-15 10:09:18 [scheduling-1] INFO  c.s.service.OrderMessageRetryService - Found 0 failed messages to retry
2025-07-15 10:09:18 [scheduling-1] INFO  c.s.service.OrderMessageRetryService - Starting timeout process for pending messages
2025-07-15 10:09:18 [scheduling-1] DEBUG org.hibernate.SQL - 
    /* SELECT
        om 
    FROM
        OrderMessageEntity om 
    WHERE
        om.status = 'PENDING' 
        AND om.createTime < :timeoutBefore */ select
            ome1_0.id,
            ome1_0.create_time,
            ome1_0.last_retry_time,
            ome1_0.payload,
            ome1_0.retry_count,
            ome1_0.status,
            ome1_0.topic 
        from
            order_message ome1_0 
        where
            ome1_0.status='PENDING' 
            and ome1_0.create_time<?
2025-07-15 10:09:18 [scheduling-1] INFO  c.s.service.OrderMessageRetryService - Found 0 pending messages to timeout
2025-07-15 10:14:18 [scheduling-1] INFO  c.s.service.OrderMessageRetryService - Starting retry process for failed messages
2025-07-15 10:14:18 [scheduling-1] DEBUG org.hibernate.SQL - 
    /* SELECT
        om 
    FROM
        OrderMessageEntity om 
    WHERE
        om.status = 'FAILED' 
        AND om.retryCount < :maxRetryCount 
        AND (
            om.lastRetryTime IS NULL 
            OR om.lastRetryTime < :retryBefore
        ) */ select
            ome1_0.id,
            ome1_0.create_time,
            ome1_0.last_retry_time,
            ome1_0.payload,
            ome1_0.retry_count,
            ome1_0.status,
            ome1_0.topic 
        from
            order_message ome1_0 
        where
            ome1_0.status='FAILED' 
            and ome1_0.retry_count<? 
            and (
                ome1_0.last_retry_time is null 
                or ome1_0.last_retry_time<?
            )
2025-07-15 10:14:18 [scheduling-1] INFO  c.s.service.OrderMessageRetryService - Found 0 failed messages to retry
2025-07-15 10:19:18 [scheduling-1] INFO  c.s.service.OrderMessageRetryService - Starting retry process for failed messages
2025-07-15 10:19:18 [scheduling-1] DEBUG org.hibernate.SQL - 
    /* SELECT
        om 
    FROM
        OrderMessageEntity om 
    WHERE
        om.status = 'FAILED' 
        AND om.retryCount < :maxRetryCount 
        AND (
            om.lastRetryTime IS NULL 
            OR om.lastRetryTime < :retryBefore
        ) */ select
            ome1_0.id,
            ome1_0.create_time,
            ome1_0.last_retry_time,
            ome1_0.payload,
            ome1_0.retry_count,
            ome1_0.status,
            ome1_0.topic 
        from
            order_message ome1_0 
        where
            ome1_0.status='FAILED' 
            and ome1_0.retry_count<? 
            and (
                ome1_0.last_retry_time is null 
                or ome1_0.last_retry_time<?
            )
2025-07-15 10:19:18 [scheduling-1] INFO  c.s.service.OrderMessageRetryService - Found 0 failed messages to retry
2025-07-15 10:19:18 [scheduling-1] INFO  c.s.service.OrderMessageRetryService - Starting timeout process for pending messages
2025-07-15 10:19:18 [scheduling-1] DEBUG org.hibernate.SQL - 
    /* SELECT
        om 
    FROM
        OrderMessageEntity om 
    WHERE
        om.status = 'PENDING' 
        AND om.createTime < :timeoutBefore */ select
            ome1_0.id,
            ome1_0.create_time,
            ome1_0.last_retry_time,
            ome1_0.payload,
            ome1_0.retry_count,
            ome1_0.status,
            ome1_0.topic 
        from
            order_message ome1_0 
        where
            ome1_0.status='PENDING' 
            and ome1_0.create_time<?
2025-07-15 10:19:18 [scheduling-1] INFO  c.s.service.OrderMessageRetryService - Found 0 pending messages to timeout
2025-07-15 10:24:18 [scheduling-1] INFO  c.s.service.OrderMessageRetryService - Starting retry process for failed messages
2025-07-15 10:24:18 [scheduling-1] DEBUG org.hibernate.SQL - 
    /* SELECT
        om 
    FROM
        OrderMessageEntity om 
    WHERE
        om.status = 'FAILED' 
        AND om.retryCount < :maxRetryCount 
        AND (
            om.lastRetryTime IS NULL 
            OR om.lastRetryTime < :retryBefore
        ) */ select
            ome1_0.id,
            ome1_0.create_time,
            ome1_0.last_retry_time,
            ome1_0.payload,
            ome1_0.retry_count,
            ome1_0.status,
            ome1_0.topic 
        from
            order_message ome1_0 
        where
            ome1_0.status='FAILED' 
            and ome1_0.retry_count<? 
            and (
                ome1_0.last_retry_time is null 
                or ome1_0.last_retry_time<?
            )
2025-07-15 10:24:18 [scheduling-1] INFO  c.s.service.OrderMessageRetryService - Found 0 failed messages to retry
2025-07-15 10:29:18 [scheduling-1] INFO  c.s.service.OrderMessageRetryService - Starting retry process for failed messages
2025-07-15 10:29:18 [scheduling-1] DEBUG org.hibernate.SQL - 
    /* SELECT
        om 
    FROM
        OrderMessageEntity om 
    WHERE
        om.status = 'FAILED' 
        AND om.retryCount < :maxRetryCount 
        AND (
            om.lastRetryTime IS NULL 
            OR om.lastRetryTime < :retryBefore
        ) */ select
            ome1_0.id,
            ome1_0.create_time,
            ome1_0.last_retry_time,
            ome1_0.payload,
            ome1_0.retry_count,
            ome1_0.status,
            ome1_0.topic 
        from
            order_message ome1_0 
        where
            ome1_0.status='FAILED' 
            and ome1_0.retry_count<? 
            and (
                ome1_0.last_retry_time is null 
                or ome1_0.last_retry_time<?
            )
2025-07-15 10:29:18 [scheduling-1] INFO  c.s.service.OrderMessageRetryService - Found 0 failed messages to retry
2025-07-15 10:29:18 [scheduling-1] INFO  c.s.service.OrderMessageRetryService - Starting timeout process for pending messages
2025-07-15 10:29:18 [scheduling-1] DEBUG org.hibernate.SQL - 
    /* SELECT
        om 
    FROM
        OrderMessageEntity om 
    WHERE
        om.status = 'PENDING' 
        AND om.createTime < :timeoutBefore */ select
            ome1_0.id,
            ome1_0.create_time,
            ome1_0.last_retry_time,
            ome1_0.payload,
            ome1_0.retry_count,
            ome1_0.status,
            ome1_0.topic 
        from
            order_message ome1_0 
        where
            ome1_0.status='PENDING' 
            and ome1_0.create_time<?
2025-07-15 10:29:18 [scheduling-1] INFO  c.s.service.OrderMessageRetryService - Found 0 pending messages to timeout
2025-07-15 10:34:18 [scheduling-1] INFO  c.s.service.OrderMessageRetryService - Starting retry process for failed messages
2025-07-15 10:34:18 [scheduling-1] DEBUG org.hibernate.SQL - 
    /* SELECT
        om 
    FROM
        OrderMessageEntity om 
    WHERE
        om.status = 'FAILED' 
        AND om.retryCount < :maxRetryCount 
        AND (
            om.lastRetryTime IS NULL 
            OR om.lastRetryTime < :retryBefore
        ) */ select
            ome1_0.id,
            ome1_0.create_time,
            ome1_0.last_retry_time,
            ome1_0.payload,
            ome1_0.retry_count,
            ome1_0.status,
            ome1_0.topic 
        from
            order_message ome1_0 
        where
            ome1_0.status='FAILED' 
            and ome1_0.retry_count<? 
            and (
                ome1_0.last_retry_time is null 
                or ome1_0.last_retry_time<?
            )
2025-07-15 10:34:18 [scheduling-1] INFO  c.s.service.OrderMessageRetryService - Found 0 failed messages to retry
2025-07-15 10:39:18 [scheduling-1] INFO  c.s.service.OrderMessageRetryService - Starting retry process for failed messages
2025-07-15 10:39:18 [scheduling-1] DEBUG org.hibernate.SQL - 
    /* SELECT
        om 
    FROM
        OrderMessageEntity om 
    WHERE
        om.status = 'FAILED' 
        AND om.retryCount < :maxRetryCount 
        AND (
            om.lastRetryTime IS NULL 
            OR om.lastRetryTime < :retryBefore
        ) */ select
            ome1_0.id,
            ome1_0.create_time,
            ome1_0.last_retry_time,
            ome1_0.payload,
            ome1_0.retry_count,
            ome1_0.status,
            ome1_0.topic 
        from
            order_message ome1_0 
        where
            ome1_0.status='FAILED' 
            and ome1_0.retry_count<? 
            and (
                ome1_0.last_retry_time is null 
                or ome1_0.last_retry_time<?
            )
2025-07-15 10:39:18 [scheduling-1] INFO  c.s.service.OrderMessageRetryService - Found 0 failed messages to retry
2025-07-15 10:39:18 [scheduling-1] INFO  c.s.service.OrderMessageRetryService - Starting timeout process for pending messages
2025-07-15 10:39:18 [scheduling-1] DEBUG org.hibernate.SQL - 
    /* SELECT
        om 
    FROM
        OrderMessageEntity om 
    WHERE
        om.status = 'PENDING' 
        AND om.createTime < :timeoutBefore */ select
            ome1_0.id,
            ome1_0.create_time,
            ome1_0.last_retry_time,
            ome1_0.payload,
            ome1_0.retry_count,
            ome1_0.status,
            ome1_0.topic 
        from
            order_message ome1_0 
        where
            ome1_0.status='PENDING' 
            and ome1_0.create_time<?
2025-07-15 10:39:18 [scheduling-1] INFO  c.s.service.OrderMessageRetryService - Found 0 pending messages to timeout
2025-07-15 10:44:18 [scheduling-1] INFO  c.s.service.OrderMessageRetryService - Starting retry process for failed messages
2025-07-15 10:44:18 [scheduling-1] DEBUG org.hibernate.SQL - 
    /* SELECT
        om 
    FROM
        OrderMessageEntity om 
    WHERE
        om.status = 'FAILED' 
        AND om.retryCount < :maxRetryCount 
        AND (
            om.lastRetryTime IS NULL 
            OR om.lastRetryTime < :retryBefore
        ) */ select
            ome1_0.id,
            ome1_0.create_time,
            ome1_0.last_retry_time,
            ome1_0.payload,
            ome1_0.retry_count,
            ome1_0.status,
            ome1_0.topic 
        from
            order_message ome1_0 
        where
            ome1_0.status='FAILED' 
            and ome1_0.retry_count<? 
            and (
                ome1_0.last_retry_time is null 
                or ome1_0.last_retry_time<?
            )
2025-07-15 10:44:18 [scheduling-1] INFO  c.s.service.OrderMessageRetryService - Found 0 failed messages to retry
2025-07-15 10:49:18 [scheduling-1] INFO  c.s.service.OrderMessageRetryService - Starting retry process for failed messages
2025-07-15 10:49:18 [scheduling-1] DEBUG org.hibernate.SQL - 
    /* SELECT
        om 
    FROM
        OrderMessageEntity om 
    WHERE
        om.status = 'FAILED' 
        AND om.retryCount < :maxRetryCount 
        AND (
            om.lastRetryTime IS NULL 
            OR om.lastRetryTime < :retryBefore
        ) */ select
            ome1_0.id,
            ome1_0.create_time,
            ome1_0.last_retry_time,
            ome1_0.payload,
            ome1_0.retry_count,
            ome1_0.status,
            ome1_0.topic 
        from
            order_message ome1_0 
        where
            ome1_0.status='FAILED' 
            and ome1_0.retry_count<? 
            and (
                ome1_0.last_retry_time is null 
                or ome1_0.last_retry_time<?
            )
2025-07-15 10:49:18 [scheduling-1] INFO  c.s.service.OrderMessageRetryService - Found 0 failed messages to retry
2025-07-15 10:49:18 [scheduling-1] INFO  c.s.service.OrderMessageRetryService - Starting timeout process for pending messages
2025-07-15 10:49:18 [scheduling-1] DEBUG org.hibernate.SQL - 
    /* SELECT
        om 
    FROM
        OrderMessageEntity om 
    WHERE
        om.status = 'PENDING' 
        AND om.createTime < :timeoutBefore */ select
            ome1_0.id,
            ome1_0.create_time,
            ome1_0.last_retry_time,
            ome1_0.payload,
            ome1_0.retry_count,
            ome1_0.status,
            ome1_0.topic 
        from
            order_message ome1_0 
        where
            ome1_0.status='PENDING' 
            and ome1_0.create_time<?
2025-07-15 10:49:18 [scheduling-1] INFO  c.s.service.OrderMessageRetryService - Found 0 pending messages to timeout
2025-07-15 10:54:18 [scheduling-1] INFO  c.s.service.OrderMessageRetryService - Starting retry process for failed messages
2025-07-15 10:54:18 [scheduling-1] DEBUG org.hibernate.SQL - 
    /* SELECT
        om 
    FROM
        OrderMessageEntity om 
    WHERE
        om.status = 'FAILED' 
        AND om.retryCount < :maxRetryCount 
        AND (
            om.lastRetryTime IS NULL 
            OR om.lastRetryTime < :retryBefore
        ) */ select
            ome1_0.id,
            ome1_0.create_time,
            ome1_0.last_retry_time,
            ome1_0.payload,
            ome1_0.retry_count,
            ome1_0.status,
            ome1_0.topic 
        from
            order_message ome1_0 
        where
            ome1_0.status='FAILED' 
            and ome1_0.retry_count<? 
            and (
                ome1_0.last_retry_time is null 
                or ome1_0.last_retry_time<?
            )
2025-07-15 10:54:18 [scheduling-1] INFO  c.s.service.OrderMessageRetryService - Found 0 failed messages to retry
2025-07-15 10:59:18 [scheduling-1] INFO  c.s.service.OrderMessageRetryService - Starting retry process for failed messages
2025-07-15 10:59:18 [scheduling-1] DEBUG org.hibernate.SQL - 
    /* SELECT
        om 
    FROM
        OrderMessageEntity om 
    WHERE
        om.status = 'FAILED' 
        AND om.retryCount < :maxRetryCount 
        AND (
            om.lastRetryTime IS NULL 
            OR om.lastRetryTime < :retryBefore
        ) */ select
            ome1_0.id,
            ome1_0.create_time,
            ome1_0.last_retry_time,
            ome1_0.payload,
            ome1_0.retry_count,
            ome1_0.status,
            ome1_0.topic 
        from
            order_message ome1_0 
        where
            ome1_0.status='FAILED' 
            and ome1_0.retry_count<? 
            and (
                ome1_0.last_retry_time is null 
                or ome1_0.last_retry_time<?
            )
2025-07-15 10:59:18 [scheduling-1] INFO  c.s.service.OrderMessageRetryService - Found 0 failed messages to retry
2025-07-15 10:59:18 [scheduling-1] INFO  c.s.service.OrderMessageRetryService - Starting timeout process for pending messages
2025-07-15 10:59:18 [scheduling-1] DEBUG org.hibernate.SQL - 
    /* SELECT
        om 
    FROM
        OrderMessageEntity om 
    WHERE
        om.status = 'PENDING' 
        AND om.createTime < :timeoutBefore */ select
            ome1_0.id,
            ome1_0.create_time,
            ome1_0.last_retry_time,
            ome1_0.payload,
            ome1_0.retry_count,
            ome1_0.status,
            ome1_0.topic 
        from
            order_message ome1_0 
        where
            ome1_0.status='PENDING' 
            and ome1_0.create_time<?
2025-07-15 10:59:18 [scheduling-1] INFO  c.s.service.OrderMessageRetryService - Found 0 pending messages to timeout
